TN:
SF:/Users/sebastiansandqvist/Documents/Sites & Projects/apps/~modules/s-creditcard/index.js
FN:20,hasFirstDigits
FN:31,creditcard
FNF:2
FNH:2
FNDA:107,hasFirstDigits
FNDA:49,creditcard
DA:5,1
DA:10,1
DA:20,1
DA:21,107
DA:22,107
DA:23,107
DA:24,137
DA:26,16
DA:31,1
DA:33,49
DA:34,2
DA:38,47
DA:41,47
DA:42,382
DA:43,28
DA:50,19
DA:52,62
DA:54,137
DA:55,16
DA:60,3
DA:61,1
DA:64,2
LF:22
LH:22
BRDA:24,1,0,91
BRDA:24,1,1,46
BRDA:33,2,0,2
BRDA:33,2,1,47
BRDA:42,3,0,28
BRDA:42,3,1,354
BRDA:42,4,0,382
BRDA:42,4,1,382
BRDA:42,4,2,335
BRDA:54,5,0,16
BRDA:54,5,1,121
BRDA:54,6,0,137
BRDA:54,6,1,107
BRDA:60,7,0,1
BRDA:60,7,1,2
BRF:15
BRH:15
end_of_record
