TN:
SF:/Users/sebastiansandqvist/Documents/Sites & Projects/apps/~modules/s-creditcard/index.js
FN:20,hasFirstDigits
FN:31,creditcard
FNF:2
FNH:2
FNDA:86,hasFirstDigits
FNDA:46,creditcard
DA:5,1
DA:10,1
DA:20,1
DA:21,86
DA:22,86
DA:23,86
DA:24,107
DA:26,13
DA:31,1
DA:33,46
DA:34,2
DA:38,44
DA:41,44
DA:42,346
DA:43,28
DA:50,16
DA:52,50
DA:54,110
DA:55,13
DA:60,3
DA:61,1
DA:64,2
LF:22
LH:22
BRDA:24,1,0,73
BRDA:24,1,1,34
BRDA:33,2,0,2
BRDA:33,2,1,44
BRDA:42,3,0,28
BRDA:42,3,1,318
BRDA:42,4,0,346
BRDA:42,4,1,346
BRDA:42,4,2,302
BRDA:54,5,0,13
BRDA:54,5,1,97
BRDA:54,6,0,110
BRDA:54,6,1,86
BRDA:60,7,0,1
BRDA:60,7,1,2
BRF:15
BRH:15
end_of_record
